  无注释.cpp
E:\vs学习项目\智能指针\无注释.cpp(97,2): error C2065: “out”: 未声明的标识符
E:\vs学习项目\智能指针\无注释.cpp(97,2): error C3861: “out”: 找不到标识符
E:\vs学习项目\智能指针\无注释.cpp(231,29): error C2760: 语法错误: 意外标记 "{"，应为 "声明"
E:\vs学习项目\智能指针\无注释.cpp(259,7): error C2039: "sort": 不是 "std" 的成员
C:\Program Files (x86)\Microsoft Visual Studio\2019\Enterprise\VC\Tools\MSVC\14.29.30133\include\mutex(30): message : 参见“std”的声明
E:\vs学习项目\智能指针\无注释.cpp(268,21): error C2039: "countAdd": 不是 "mySharedSp<T>" 的成员
E:\vs学习项目\智能指针\无注释.cpp(268,1): error C2447: “{”: 缺少函数标题(是否是老式的形式表?)
E:\vs学习项目\智能指针\无注释.cpp(273,21): error C2039: "countDelete": 不是 "mySharedSp<T>" 的成员
E:\vs学习项目\智能指针\无注释.cpp(273,1): error C2447: “{”: 缺少函数标题(是否是老式的形式表?)
  智能指针5.29.cpp
E:\vs学习项目\智能指针\智能指针5.29.cpp(41,13): error C2143: 语法错误: 缺少“;”(在“*”的前面)
E:\vs学习项目\智能指针\智能指针5.29.cpp(46): message : 查看对正在编译的 类 模板 实例化“mySharedsp<T>”的引用
E:\vs学习项目\智能指针\智能指针5.29.cpp(41,1): error C2238: 意外的标记位于“;”之前
E:\vs学习项目\智能指针\智能指针5.29.cpp(112,2): error C2065: “out”: 未声明的标识符
E:\vs学习项目\智能指针\智能指针5.29.cpp(112,2): error C3861: “out”: 找不到标识符
E:\vs学习项目\智能指针\智能指针5.29.cpp(160,19): error C2039: "*": 不是 "mySharedsp<T>" 的成员
E:\vs学习项目\智能指针\智能指针5.29.cpp(160,1): error C2447: “{”: 缺少函数标题(是否是老式的形式表?)
  智能指针5.30.cpp
E:\vs学习项目\智能指针\智能指针5.30.cpp(63,13): error C2143: 语法错误: 缺少“;”(在“*”的前面)
E:\vs学习项目\智能指针\智能指针5.30.cpp(71): message : 查看对正在编译的 类 模板 实例化“mySharedSp<T>”的引用
E:\vs学习项目\智能指针\智能指针5.30.cpp(63,1): error C2238: 意外的标记位于“;”之前
E:\vs学习项目\智能指针\智能指针5.30.cpp(144,2): error C2065: “out”: 未声明的标识符
E:\vs学习项目\智能指针\智能指针5.30.cpp(144,2): error C3861: “out”: 找不到标识符
E:\vs学习项目\智能指针\智能指针5.30.cpp(193,19): error C2039: "*": 不是 "mySharedSp<T>" 的成员
E:\vs学习项目\智能指针\智能指针5.30.cpp(193,1): error C2447: “{”: 缺少函数标题(是否是老式的形式表?)
  智能指针6.3.cpp
E:\vs学习项目\智能指针\智能指针6.3.cpp(165,2): error C2065: “out”: 未声明的标识符
E:\vs学习项目\智能指针\智能指针6.3.cpp(165,2): error C3861: “out”: 找不到标识符
E:\vs学习项目\智能指针\智能指针6.3.cpp(312,29): error C2760: 语法错误: 意外标记 "{"，应为 "声明"
E:\vs学习项目\智能指针\智能指针6.3.cpp(346,8): error C2039: "sort": 不是 "std" 的成员
C:\Program Files (x86)\Microsoft Visual Studio\2019\Enterprise\VC\Tools\MSVC\14.29.30133\include\mutex(30): message : 参见“std”的声明
  智能指针6.5.cpp
E:\vs学习项目\智能指针\智能指针6.5.cpp(105,48): error C2760: 语法错误: 意外标记 "{"，应为 "ID 表达式"
E:\vs学习项目\智能指针\智能指针6.5.cpp(180,2): error C2065: “out”: 未声明的标识符
E:\vs学习项目\智能指针\智能指针6.5.cpp(180,2): error C3861: “out”: 找不到标识符
E:\vs学习项目\智能指针\智能指针6.5.cpp(219,3): error C2760: 语法错误: 意外标记 "标识符"，应为 ";"
E:\vs学习项目\智能指针\智能指针6.5.cpp(344,29): error C2760: 语法错误: 意外标记 "{"，应为 "声明"
E:\vs学习项目\智能指针\智能指针6.5.cpp(400,21): error C2039: "countDelete": 不是 "mySharedSp<T>" 的成员
E:\vs学习项目\智能指针\智能指针6.5.cpp(400,1): error C2447: “{”: 缺少函数标题(是否是老式的形式表?)
  正在生成代码...
